Start testing: Jun 14 10:22 RTZ 2 (����)
----------------------------------------------------------
1/1 Testing: all_tests
1/1 Test: all_tests
Command: "D:/AiP/project_cpp_2sem/shifres/build/tests.exe"
Directory: D:/AiP/project_cpp_2sem/shifres/build
"all_tests" start time: Jun 14 10:22 RTZ 2 (����)
Output:
----------------------------------------------------------
[doctest] doctest version is "2.4.12"
[doctest] run with "--help" for options

Правила выбора параметров для использования алгоритма:
1. Алфавит может состоять из любого количества любых символов;
2. Ключ вводится как пара положительных чисел через пробел - числа не должны превышать размерность алфавита, первое число должно быть взаимно простым с размерностью алфавита;
3. Открытый текст должен состоять ТОЛЬКО из символов введенного алфавита;
4. При расшифровании используются те же параметры, что и при зашифровании.

Введите алфавит для проведения криптографических операций:

Введите ключи шифрования:

Для зашифрования нажмите -->
Для расшифрования нажмите <--

Введите открытый текст:

Шифртекст:
qbjjydkymjx

Правила выбора параметров для использования алгоритма:
1. Алфавит может состоять из любого количества любых символов;
2. Ключ вводится как пара положительных чисел через пробел - числа не должны превышать размерность алфавита, первое число должно быть взаимно простым с размерностью алфавита;
3. Открытый текст должен состоять ТОЛЬКО из символов введенного алфавита;
4. При расшифровании используются те же параметры, что и при зашифровании.

Введите алфавит для проведения криптографических операций:

Введите ключи шифрования:

Для зашифрования нажмите -->
Для расшифрования нажмите <--

Введите шифртекст:

Открытый текст:
hello world

Правила выбора параметров для использования алгоритма:
1. Алфавит может состоять из любого количества любых символов;
2. Ключ составляется из символов веденного алфавита, его длина не должна превышать размеров будущего открытого текста;
3. Открытый текст должен состоять ТОЛЬКО из символов введенного алфавита;
4. При расшифровании используются те же параметры, что и при зашифровании.

Введите алфавит для проведения криптографических операций:

Введите ключ шифрования:

Для зашифрования нажмите -->
Для расшифрования нажмите <--

Введите открытый текст:

Шифртекст:
yydciofldu

Правила выбора параметров для использования алгоритма:
1. Алфавит может состоять из любого количества любых символов;
2. Ключ составляется из символов веденного алфавита, его длина не должна превышать размеров будущего открытого текста;
3. Открытый текст должен состоять ТОЛЬКО из символов введенного алфавита;
4. При расшифровании используются те же параметры, что и при зашифровании.

Введите алфавит для проведения криптографических операций:

Введите ключ шифрования:

Для зашифрования нажмите -->
Для расшифрования нажмите <--

Введите шифртекст:

Открытый текст:
helloworld

Правила выбора параметров для использования алгоритма:
1. Ключ вводится как пара простых чисел одинаковой размерности - через пробел;
2. Значение открытой экспоненты выбирается в диапазоне от 2 до значения функции Эйлера от произведения ключей n и должно быть взаимно простым с ним;
3. Сообщением является целое число в интервале от 0 до n-1;
4. При расшифровании используются те же параметры, что и при зашифровании.

Введите ключи шифрования - два простых числа:

Введите открытую экспоненту - число от 1 до 9167368:

Для зашифрования нажмите -->
Для расшифрования нажмите <--

Введите открытый текст:

Шифр-сообщение:
4051753

Правила выбора параметров для использования алгоритма:
1. Ключ вводится как пара простых чисел одинаковой размерности - через пробел;
2. Значение открытой экспоненты выбирается в диапазоне от 2 до значения функции Эйлера от произведения ключей n и должно быть взаимно простым с ним;
3. Сообщением является целое число в интервале от 0 до n-1;
4. При расшифровании используются те же параметры, что и при зашифровании.

Введите ключи шифрования - два простых числа:

Введите открытую экспоненту - число от 1 до 9167368:

Для зашифрования нажмите -->
Для расшифрования нажмите <--

Введите шифр-сообщение:

Исходное сообщение:
111111
===============================================================================
[doctest] test cases:  6 |  6 passed | 0 failed | 0 skipped
[doctest] assertions: 11 | 11 passed | 0 failed |
[doctest] Status: SUCCESS!
<end of output>
Test time =   0.04 sec
----------------------------------------------------------
Test Passed.
"all_tests" end time: Jun 14 10:22 RTZ 2 (����)
"all_tests" time elapsed: 00:00:00
----------------------------------------------------------

End testing: Jun 14 10:22 RTZ 2 (����)
